# JRE version: OpenJDK Runtime Environment (11.0.11+9) (build 11.0.11+9-b60-7590822)
# Java VM: OpenJDK 64-Bit Server VM (11.0.11+9-b60-7590822, mixed mode, tiered, compressed oops, g1 gc, windows-amd64)
Heap:
 garbage-first heap   total 260096K, used 207316K [0x00000000a0000000, 0x0000000100000000)
  region size 1024K, 33 young (33792K), 6 survivors (6144K)
 Metaspace       used 101235K, capacity 106020K, committed 106240K, reserved 1140736K
  class space    used 13290K, capacity 14780K, committed 14848K, reserved 1048576K
GC Heap History (20 events):
Event: 10.324 GC heap before
{Heap before GC invocations=14 (full 0):
 garbage-first heap   total 260096K, used 198346K [0x00000000a0000000, 0x0000000100000000)
  region size 1024K, 123 young (125952K), 14 survivors (14336K)
 Metaspace       used 85602K, capacity 88886K, committed 88960K, reserved 1126400K
  class space    used 11269K, capacity 12353K, committed 12416K, reserved 1048576K
}
Event: 10.339 GC heap after
{Heap after GC invocations=15 (full 0):
 garbage-first heap   total 260096K, used 102842K [0x00000000a0000000, 0x0000000100000000)
  region size 1024K, 16 young (16384K), 16 survivors (16384K)
 Metaspace       used 85602K, capacity 88886K, committed 88960K, reserved 1126400K
  class space    used 11269K, capacity 12353K, committed 12416K, reserved 1048576K
}
Event: 11.106 GC heap before
{Heap before GC invocations=15 (full 0):
 garbage-first heap   total 260096K, used 199098K [0x00000000a0000000, 0x0000000100000000)
  region size 1024K, 110 young (112640K), 16 survivors (16384K)
 Metaspace       used 86857K, capacity 91009K, committed 91136K, reserved 1128448K
  class space    used 11448K, capacity 12716K, committed 12800K, reserved 1048576K
}
Event: 11.123 GC heap after
{Heap after GC invocations=16 (full 0):
 garbage-first heap   total 260096K, used 118994K [0x00000000a0000000, 0x0000000100000000)
  region size 1024K, 14 young (14336K), 14 survivors (14336K)
 Metaspace       used 86857K, capacity 91009K, committed 91136K, reserved 1128448K
  class space    used 11448K, capacity 12716K, committed 12800K, reserved 1048576K
}
Event: 11.687 GC heap before
{Heap before GC invocations=16 (full 0):
 garbage-first heap   total 260096K, used 202962K [0x00000000a0000000, 0x0000000100000000)
  region size 1024K, 95 young (97280K), 14 survivors (14336K)
 Metaspace       used 90650K, capacity 94943K, committed 95232K, reserved 1130496K
  class space    used 11926K, capacity 13276K, committed 13312K, reserved 1048576K
}
Event: 11.700 GC heap after
{Heap after GC invocations=17 (full 0):
 garbage-first heap   total 260096K, used 130885K [0x00000000a0000000, 0x0000000100000000)
  region size 1024K, 11 young (11264K), 11 survivors (11264K)
 Metaspace       used 90650K, capacity 94943K, committed 95232K, reserved 1130496K
  class space    used 11926K, capacity 13276K, committed 13312K, reserved 1048576K
}
Event: 12.327 GC heap before
{Heap before GC invocations=17 (full 0):
 garbage-first heap   total 260096K, used 205637K [0x00000000a0000000, 0x0000000100000000)
  region size 1024K, 84 young (86016K), 11 survivors (11264K)
 Metaspace       used 94425K, capacity 98844K, committed 99072K, reserved 1134592K
  class space    used 12470K, capacity 13793K, committed 13824K, reserved 1048576K
}
Event: 12.348 GC heap after
{Heap after GC invocations=18 (full 0):
 garbage-first heap   total 260096K, used 143638K [0x00000000a0000000, 0x0000000100000000)
  region size 1024K, 11 young (11264K), 11 survivors (11264K)
 Metaspace       used 94425K, capacity 98844K, committed 99072K, reserved 1134592K
  class space    used 12470K, capacity 13793K, committed 13824K, reserved 1048576K
}
Event: 12.924 GC heap before
{Heap before GC invocations=19 (full 0):
 garbage-first heap   total 260096K, used 207126K [0x00000000a0000000, 0x0000000100000000)
  region size 1024K, 73 young (74752K), 11 survivors (11264K)
 Metaspace       used 98173K, capacity 102827K, committed 103040K, reserved 1138688K
  class space    used 12974K, capacity 14401K, committed 14464K, reserved 1048576K
}
Event: 12.939 GC heap after
{Heap after GC invocations=20 (full 0):
 garbage-first heap   total 260096K, used 156628K [0x00000000a0000000, 0x0000000100000000)
  region size 1024K, 10 young (10240K), 10 survivors (10240K)
 Metaspace       used 98173K, capacity 102827K, committed 103040K, reserved 1138688K
  class space    used 12974K, capacity 14401K, committed 14464K, reserved 1048576K
}
Event: 13.363 GC heap before
{Heap before GC invocations=20 (full 0):
 garbage-first heap   total 260096K, used 209876K [0x00000000a0000000, 0x0000000100000000)
  region size 1024K, 63 young (64512K), 10 survivors (10240K)
 Metaspace       used 99049K, capacity 103817K, committed 104064K, reserved 1138688K
  class space    used 13089K, capacity 14598K, committed 14720K, reserved 1048576K
}
Event: 13.377 GC heap after
{Heap after GC invocations=21 (full 0):
 garbage-first heap   total 260096K, used 163727K [0x00000000a0000000, 0x0000000100000000)
  region size 1024K, 7 young (7168K), 7 survivors (7168K)
 Metaspace       used 99049K, capacity 103817K, committed 104064K, reserved 1138688K
  class space    used 13089K, capacity 14598K, committed 14720K, reserved 1048576K
}
Event: 13.814 GC heap before
{Heap before GC invocations=22 (full 0):
 garbage-first heap   total 260096K, used 211855K [0x00000000a0000000, 0x0000000100000000)
  region size 1024K, 55 young (56320K), 7 survivors (7168K)
 Metaspace       used 99504K, capacity 104312K, committed 104576K, reserved 1138688K
  class space    used 13124K, capacity 14644K, committed 14720K, reserved 1048576K
}
Event: 13.821 GC heap after
{Heap after GC invocations=23 (full 0):
 garbage-first heap   total 260096K, used 169452K [0x00000000a0000000, 0x0000000100000000)
  region size 1024K, 7 young (7168K), 7 survivors (7168K)
 Metaspace       used 99504K, capacity 104312K, committed 104576K, reserved 1138688K
  class space    used 13124K, capacity 14644K, committed 14720K, reserved 1048576K
}
Event: 14.146 GC heap before
{Heap before GC invocations=23 (full 0):
 garbage-first heap   total 260096K, used 214508K [0x00000000a0000000, 0x0000000100000000)
  region size 1024K, 52 young (53248K), 7 survivors (7168K)
 Metaspace       used 99852K, capacity 104682K, committed 104832K, reserved 1138688K
  class space    used 13131K, capacity 14647K, committed 14720K, reserved 1048576K
}
Event: 14.153 GC heap after
{Heap after GC invocations=24 (full 0):
 garbage-first heap   total 260096K, used 173735K [0x00000000a0000000, 0x0000000100000000)
  region size 1024K, 7 young (7168K), 7 survivors (7168K)
 Metaspace       used 99852K, capacity 104682K, committed 104832K, reserved 1138688K
  class space    used 13131K, capacity 14647K, committed 14720K, reserved 1048576K
}
Event: 14.477 GC heap before
{Heap before GC invocations=25 (full 0):
 garbage-first heap   total 260096K, used 214695K [0x00000000a0000000, 0x0000000100000000)
  region size 1024K, 48 young (49152K), 7 survivors (7168K)
 Metaspace       used 99929K, capacity 104648K, committed 104832K, reserved 1138688K
  class space    used 13123K, capacity 14632K, committed 14720K, reserved 1048576K
}
Event: 14.484 GC heap after
{Heap after GC invocations=26 (full 0):
 garbage-first heap   total 260096K, used 177398K [0x00000000a0000000, 0x0000000100000000)
  region size 1024K, 6 young (6144K), 6 survivors (6144K)
 Metaspace       used 99929K, capacity 104648K, committed 104832K, reserved 1138688K
  class space    used 13123K, capacity 14632K, committed 14720K, reserved 1048576K
}
Event: 14.755 GC heap before
{Heap before GC invocations=26 (full 0):
 garbage-first heap   total 260096K, used 215286K [0x00000000a0000000, 0x0000000100000000)
  region size 1024K, 44 young (45056K), 6 survivors (6144K)
 Metaspace       used 100098K, capacity 104886K, committed 105088K, reserved 1140736K
  class space    used 13125K, capacity 14635K, committed 14720K, reserved 1048576K
}
Event: 14.763 GC heap after
{Heap after GC invocations=27 (full 0):
 garbage-first heap   total 260096K, used 181716K [0x00000000a0000000, 0x0000000100000000)
  region size 1024K, 6 young (6144K), 6 survivors (6144K)
 Metaspace       used 100098K, capacity 104886K, committed 105088K, reserved 1140736K
  class space    used 13125K, capacity 14635K, committed 14720K, reserved 1048576K
}

